<?xml version="1.0" encoding="UTF-8"?>
<testng-results ignored="0" total="1" passed="1" failed="0" skipped="0">
  <reporter-output>
  </reporter-output>
  <suite started-at="2024-05-08T12:19:11 IST" name="Default suite" finished-at="2024-05-08T12:19:30 IST" duration-ms="19174">
    <groups>
    </groups>
    <test started-at="2024-05-08T12:19:11 IST" name="Default test" finished-at="2024-05-08T12:19:30 IST" duration-ms="19174">
      <class name="com.demopomtask.Testscript">
        <test-method signature="test()[pri:0, instance:com.demopomtask.Testscript@10e41621]" started-at="2024-05-08T12:19:11 IST" name="test" finished-at="2024-05-08T12:19:30 IST" duration-ms="19082" status="PASS">
          <reporter-output>
          </reporter-output>
        </test-method> <!-- test -->
      </class> <!-- com.demopomtask.Testscript -->
    </test> <!-- Default test -->
  </suite> <!-- Default suite -->
</testng-results>
